生成启动时间为 2015/4/7 18:26:51。
     1>项目“C:\Users\jlf\Desktop\windemo\windemo\windemo.vcxproj”在节点 2 上(build 个目标)。
     1>InitializeBuildStatus:
         正在创建“Debug\windemo.unsuccessfulbuild”，因为已指定“AlwaysCreate”。
       ClCompile:
         所有输出均为最新。
         C:\Program Files (x86)\Microsoft Visual Studio 10.0\VC\bin\CL.exe /c /ZI /nologo /W3 /WX- /Od /Oy- /D WIN32 /D _DEBUG /D _CONSOLE /D _UNICODE /D UNICODE /Gm /EHsc /RTC1 /MDd /GS /fp:precise /Zc:wchar_t /Zc:forScope /Yu"StdAfx.h" /Fp"Debug\windemo.pch" /Fo"Debug\\" /Fd"Debug\vc100.pdb" /Gd /TP /analyze- /errorReport:prompt windemo.cpp
         windemo.cpp
       ManifestResourceCompile:
         所有输出均为最新。
       Link:
         C:\Program Files (x86)\Microsoft Visual Studio 10.0\VC\bin\link.exe /ERRORREPORT:PROMPT /OUT:"C:\Users\jlf\Desktop\windemo\Debug\windemo.exe" /INCREMENTAL /NOLOGO kernel32.lib user32.lib gdi32.lib winspool.lib comdlg32.lib advapi32.lib shell32.lib ole32.lib oleaut32.lib uuid.lib odbc32.lib odbccp32.lib /MANIFEST /ManifestFile:"Debug\windemo.exe.intermediate.manifest" /MANIFESTUAC:"level='asInvoker' uiAccess='false'" /DEBUG /PDB:"C:\Users\jlf\Desktop\windemo\Debug\windemo.pdb" /SUBSYSTEM:CONSOLE /TLBID:1 /DYNAMICBASE /NXCOMPAT /IMPLIB:"C:\Users\jlf\Desktop\windemo\Debug\windemo.lib" /MACHINE:X86 Debug\windemo.exe.embed.manifest.res
         Debug\mpu.obj
         Debug\stdafx.obj
         Debug\windemo.obj
       Manifest:
         C:\Program Files (x86)\Microsoft SDKs\Windows\v7.0A\bin\mt.exe /nologo /verbose /out:"Debug\windemo.exe.embed.manifest" /manifest Debug\windemo.exe.intermediate.manifest
         所有输出均为最新。
       LinkEmbedManifest:
         所有输出均为最新。
         windemo.vcxproj -> C:\Users\jlf\Desktop\windemo\Debug\windemo.exe
       FinalizeBuildStatus:
         正在删除文件“Debug\windemo.unsuccessfulbuild”。
         正在对“Debug\windemo.lastbuildstate”执行 Touch 任务。
     1>已完成生成项目“C:\Users\jlf\Desktop\windemo\windemo\windemo.vcxproj”(build 个目标)的操作。

生成成功。

已用时间 00:00:01.84
